生成启动时间为 2015/5/14 0:00:22。
     1>项目“F:\Buckland_SourceCode\VS8 projects\Buckland_Chapter6_Scripting_Source\CreatingClassesUsingLuabind\CreatingClassesUsingLuabind\CreatingClassesUsingLuabind.vcxproj”在节点 2 上(Build 个目标)。
     1>ClCompile:
         C:\Program Files (x86)\Microsoft Visual Studio 11.0\VC\bin\CL.exe /c /I"../../../common/lua-5.1.3/include" /I../../../common/luabind /I../../../common /ZI /nologo /W3 /WX- /Od /Oy- /D WIN32 /D _DEBUG /D _CONSOLE /D _UNICODE /D UNICODE /Gm /EHsc /RTC1 /MDd /GS /fp:precise /Zc:wchar_t /Zc:forScope /Fo"Debug\\" /Fd"Debug\vc110.pdb" /Gd /TP /analyze- /errorReport:prompt main.cpp
         main.cpp
         Unknown compiler version - please run the configure tests and report the results
     1>c:\program files (x86)\microsoft visual studio 11.0\vc\include\xutility(2176): warning C4996: 'std::_Copy_impl': Function call with parameters that may be unsafe - this call relies on the caller to check that the passed values are correct. To disable this warning, use -D_SCL_SECURE_NO_WARNINGS. See documentation on how to use Visual C++ 'Checked Iterators'
                 c:\program files (x86)\microsoft visual studio 11.0\vc\include\xutility(2157) : 参见“std::_Copy_impl”的声明
                 f:\buckland_sourcecode\vs8 projects\common\luabind\luabind\detail\primitives.hpp(68): 参见对正在编译的函数 模板 实例化“_OutIt std::copy<const char*,char*>(_InIt,_InIt,_OutIt)”的引用
                 with
                 [
                     _OutIt=char *,
                     _InIt=const char *
                 ]
       Link:
         C:\Program Files (x86)\Microsoft Visual Studio 11.0\VC\bin\link.exe /ERRORREPORT:PROMPT /OUT:"F:\Buckland_SourceCode\VS8 projects\Buckland_Chapter6_Scripting_Source\CreatingClassesUsingLuabind\Debug\CreatingClassesUsingLuabind.exe" /INCREMENTAL /NOLOGO kernel32.lib user32.lib gdi32.lib winspool.lib comdlg32.lib advapi32.lib shell32.lib ole32.lib oleaut32.lib uuid.lib odbc32.lib odbccp32.lib /MANIFEST /MANIFESTUAC:"level='asInvoker' uiAccess='false'" /manifest:embed /DEBUG /PDB:"F:\Buckland_SourceCode\VS8 projects\Buckland_Chapter6_Scripting_Source\CreatingClassesUsingLuabind\Debug\CreatingClassesUsingLuabind.pdb" /SUBSYSTEM:CONSOLE /TLBID:1 /DYNAMICBASE /NXCOMPAT /IMPLIB:"F:\Buckland_SourceCode\VS8 projects\Buckland_Chapter6_Scripting_Source\CreatingClassesUsingLuabind\Debug\CreatingClassesUsingLuabind.lib" /MACHINE:X86 /SAFESEH Debug\main.obj
     1>main.obj : warning LNK4075: 忽略“/EDITANDCONTINUE”(由于“/SAFESEH”规范)
     1>LINK : fatal error LNK1104: 无法打开文件“lua5.1.lib”
     1>已完成生成项目“F:\Buckland_SourceCode\VS8 projects\Buckland_Chapter6_Scripting_Source\CreatingClassesUsingLuabind\CreatingClassesUsingLuabind\CreatingClassesUsingLuabind.vcxproj”(Build 个目标)的操作 - 失败。

生成失败。

已用时间 00:00:05.47
